<?xml version="1.0" encoding="UTF-8"?>
<testsuite xmlns:xsi="http://www.w3.org/2001/XMLSchema-instance" xsi:noNamespaceSchemaLocation="https://maven.apache.org/surefire/maven-surefire-plugin/xsd/surefire-test-report-3.0.xsd" version="3.0" name="Runner.TestRunner" time="22.78" tests="1" errors="0" skipped="0" failures="0">
  <properties>
[...]
</properties>
  <testcase name="User tries to log in to ClearTrip website" classname="ClearTrip Login" time="21.374">
    <system-out><![CDATA[
@searchFlights
Scenario: User tries to log in to ClearTrip website             # src/test/resources/features/search_flight.feature:4
  Given User launches Chrome browser                            # StepDefinitions.SearchFlights.user_launches_chrome_browser()
  When User opens URL "https://www.cleartrip.com/"              # StepDefinitions.SearchFlights.user_opens_URL(java.lang.String)
  And User closes the login popup                               # StepDefinitions.SearchFlights.user_closes_the_login_popup()
  When User clicks on from input box Drop Down will Displayed   # StepDefinitions.SearchFlights.user_clicks_on_from_input_box_drop_down_will_displayed()
  Then User Selects  source City from the Drop Down             # StepDefinitions.SearchFlights.user_selects_source_city_from_the_drop_down()
  When User clicks on ToCity input box Drop Down will Displayed # StepDefinitions.SearchFlights.user_clicks_on_to_city_input_box_drop_down_will_displayed()
  Then User Selects  Destination City from the Drop Down        # StepDefinitions.SearchFlights.user_selects_destination_city_from_the_drop_down()
  And User clicks on search flights Button                      # StepDefinitions.SearchFlights.user_clicks_on_search_flights_button()
]]></system-out>
  </testcase>
</testsuite>